<?xml version="1.0" encoding="UTF-8"?>
<!-- Generated by org.testng.reporters.JUnitReportReporter -->
<testsuite skipped="0" hostname="Ashwins-MacBook-Pro.local" name="com.testrunner.TestRunner" tests="4" failures="0" timestamp="31 May 2017 11:27:05 GMT" time="172.891" errors="1">
  <testcase name="feature" time="148.003" classname="com.testrunner.TestRunner"/>
  <testcase name="feature" time="6.305" classname="com.testrunner.TestRunner"/>
  <testcase name="feature" time="11.233" classname="com.testrunner.TestRunner">
    <error type="cucumber.runtime.CucumberException" message="java.lang.AssertionError: expected [Incorrect User-ID password. You have] but found [You have entered an incorrect client id/email id/password to access ‘My Account’. You have 4 attempts left, post which, your access will get locked. After 4 attempts, kindly contact us at any of our touch points to unlock your access. You can reset your password using Forgot password option.]">
      <![CDATA[cucumber.runtime.CucumberException: java.lang.AssertionError: expected [Incorrect User-ID password. You have] but found [You have entered an incorrect client id/email id/password to access ‘My Account’. You have 4 attempts left, post which, your access will get locked. After 4 attempts, kindly contact us at any of our touch points to unlock your access. You can reset your password using Forgot password option.]
	at cucumber.api.testng.TestNGCucumberRunner.runCucumber(TestNGCucumberRunner.java:69)
	at cucumber.api.testng.AbstractTestNGCucumberTests.feature(AbstractTestNGCucumberTests.java:21)
	at sun.reflect.NativeMethodAccessorImpl.invoke0(Native Method)
	at sun.reflect.NativeMethodAccessorImpl.invoke(NativeMethodAccessorImpl.java:62)
	at sun.reflect.DelegatingMethodAccessorImpl.invoke(DelegatingMethodAccessorImpl.java:43)
	at java.lang.reflect.Method.invoke(Method.java:498)
	at org.testng.internal.MethodInvocationHelper.invokeMethod(MethodInvocationHelper.java:108)
	at org.testng.internal.Invoker.invokeMethod(Invoker.java:661)
	at org.testng.internal.Invoker.invokeTestMethod(Invoker.java:869)
	at org.testng.internal.Invoker.invokeTestMethods(Invoker.java:1193)
	at org.testng.internal.TestMethodWorker.invokeTestMethods(TestMethodWorker.java:126)
	at org.testng.internal.TestMethodWorker.run(TestMethodWorker.java:109)
	at org.testng.TestRunner.privateRun(TestRunner.java:744)
	at org.testng.TestRunner.run(TestRunner.java:602)
	at org.testng.SuiteRunner.runTest(SuiteRunner.java:380)
	at org.testng.SuiteRunner.runSequentially(SuiteRunner.java:375)
	at org.testng.SuiteRunner.privateRun(SuiteRunner.java:340)
	at org.testng.SuiteRunner.run(SuiteRunner.java:289)
	at org.testng.SuiteRunnerWorker.runSuite(SuiteRunnerWorker.java:52)
	at org.testng.SuiteRunnerWorker.run(SuiteRunnerWorker.java:86)
	at org.testng.TestNG.runSuitesSequentially(TestNG.java:1301)
	at org.testng.TestNG.runSuitesLocally(TestNG.java:1226)
	at org.testng.TestNG.runSuites(TestNG.java:1144)
	at org.testng.TestNG.run(TestNG.java:1115)
	at org.testng.remote.AbstractRemoteTestNG.run(AbstractRemoteTestNG.java:132)
	at org.testng.remote.RemoteTestNG.initAndRun(RemoteTestNG.java:230)
	at org.testng.remote.RemoteTestNG.main(RemoteTestNG.java:76)
Caused by: java.lang.AssertionError: expected [Incorrect User-ID password. You have] but found [You have entered an incorrect client id/email id/password to access ‘My Account’. You have 4 attempts left, post which, your access will get locked. After 4 attempts, kindly contact us at any of our touch points to unlock your access. You can reset your password using Forgot password option.]
	at org.testng.Assert.fail(Assert.java:93)
	at org.testng.Assert.failNotEquals(Assert.java:512)
	at org.testng.Assert.assertEqualsImpl(Assert.java:134)
	at org.testng.Assert.assertEquals(Assert.java:115)
	at org.testng.Assert.assertEquals(Assert.java:189)
	at org.testng.Assert.assertEquals(Assert.java:199)
	at com.pageobjects.LoginPage.verifyLogin(LoginPage.java:37)
	at com.pagedefinitions.LoginPageStepDefinition.check_whether_Login_Details_are_Correct(LoginPageStepDefinition.java:31)
	at ✽.Then Check whether Login Details are Correct(LoginFeature.feature:7)
]]>
    </error>
  </testcase> <!-- feature -->
  <testcase name="feature" time="7.350" classname="com.testrunner.TestRunner"/>
</testsuite> <!-- com.testrunner.TestRunner -->
